/var/spool/slurm/d/job34842538/slurm_script: line 16: source: No such file or directory
WARNING: You are using pip version 20.1.1; however, version 23.3.1 is available.
You should consider upgrading via the '/dcsrsoft/spack/arolle/v1.0/spack/opt/spack/linux-rhel8-zen2/gcc-10.4.0/python-3.7.10-klg7g4ukc26dx26jvykmofv2b5lwhmdp/bin/python -m pip install --upgrade pip' command.
2023-11-02 15:58:57.367610: W tensorflow/stream_executor/platform/default/dso_loader.cc:59] Could not load dynamic library 'libcudart.so.10.1'; dlerror: libcudart.so.10.1: cannot open shared object file: No such file or directory; LD_LIBRARY_PATH: /dcsrsoft/spack/arolle/v1.0/spack/opt/spack/linux-rhel8-zen2/gcc-10.4.0/python-3.7.10-klg7g4ukc26dx26jvykmofv2b5lwhmdp/lib:/dcsrsoft/spack/arolle/v1.0/spack/opt/spack/linux-rhel8-zen2/gcc-10.4.0/xz-5.2.5-ejmeryutjezrbn74anuvrbiu4lck67ou/lib:/dcsrsoft/spack/arolle/v1.0/spack/opt/spack/linux-rhel8-zen2/gcc-10.4.0/tcl-8.6.12-25po4ctgi2efquoonhnmfsgynx7g5vx7/lib:/dcsrsoft/spack/arolle/v1.0/spack/opt/spack/linux-rhel8-zen2/gcc-10.4.0/zlib-1.2.12-dzl6lpj5rcfbk47kap64ic7azyx237g4/lib:/dcsrsoft/spack/arolle/v1.0/spack/opt/spack/linux-rhel8-zen2/gcc-10.4.0/ncurses-6.2-7r4qrp3jlrsfh7yrm7zs6d52p4tuiock/lib:/dcsrsoft/spack/arolle/v1.0/spack/opt/spack/linux-rhel8-zen2/gcc-10.4.0/bzip2-1.0.8-bacm2467udzv3hara6r22qkptkegyeo4/lib:/dcsrsoft/spack/arolle/v1.0/spack/opt/spack/linux-rhel8-zen/gcc-8.4.1/gcc-10.4.0-7fjdev7tbifqfonsjwlqmr6qcnza2ezu/lib64:/dcsrsoft/spack/arolle/v1.0/spack/opt/spack/linux-rhel8-zen/gcc-8.4.1/gcc-10.4.0-7fjdev7tbifqfonsjwlqmr6qcnza2ezu/lib:/dcsrsoft/spack/arolle/v1.0/spack/opt/spack/linux-rhel8-zen2/gcc-10.4.0/mpfr-4.1.0-4owr5jskgrebkppacvwkfa7tdtlqjalg/lib:/dcsrsoft/spack/arolle/v1.0/spack/opt/spack/linux-rhel8-zen2/gcc-10.4.0/gmp-6.2.1-rg3gv5myy7lt46cjxvmdmsghhyhxguqo/lib
2023-11-02 15:58:57.367713: I tensorflow/stream_executor/cuda/cudart_stub.cc:29] Ignore above cudart dlerror if you do not have a GPU set up on your machine.
diamond v2.0.15.153 (C) Max Planck Society for the Advancement of Science
Documentation, support and updates available at http://www.diamondsearch.org
Please cite: http://dx.doi.org/10.1038/s41592-021-01101-x Nature Methods (2021)

#CPU threads: 48
Scoring parameters: (Matrix=BLOSUM62 Lambda=0.267 K=0.041 Penalties=11/1)
Temporary directory: /tmp
#Target sequences to report alignments for: 25
Opening the database...  [0.163s]
Database: ./data/train_data.dmnd (type: Diamond database, sequences: 76044, letters: 40045531)
Block size = 2000000000
Opening the input file...  [0.224s]
Opening the output file...  [0.024s]
Loading query sequences...  [9.8s]
Masking queries...  [7.28s]
Algorithm: Double-indexed
Building query histograms...  [11.49s]
Allocating buffers...  [0.001s]
Loading reference sequences...  [0.033s]
Masking reference...  [0.253s]
Initializing temporary storage...  [0s]
Building reference histograms...  [0.26s]
Allocating buffers...  [0.002s]
Processing query block 1, reference block 1/1, shape 1/16, index chunk 1/4.
Building reference seed array...  [0.037s]
Building query seed array...  [1.178s]
Computing hash join...  [0.497s]
Masking low complexity seeds...  [0.042s]
Searching alignments...  [6.59s]
Processing query block 1, reference block 1/1, shape 1/16, index chunk 2/4.
Building reference seed array...  [0.039s]
Building query seed array...  [1.347s]
Computing hash join...  [0.26s]
Masking low complexity seeds...  [0.04s]
Searching alignments...  [5.95s]
Processing query block 1, reference block 1/1, shape 1/16, index chunk 3/4.
Building reference seed array...  [0.057s]
Building query seed array...  [1.424s]
Computing hash join...  [0.323s]
Masking low complexity seeds...  [0.039s]
Searching alignments...  [5.345s]
Processing query block 1, reference block 1/1, shape 1/16, index chunk 4/4.
Building reference seed array...  [0.034s]
Building query seed array...  [1.047s]
Computing hash join...  [0.264s]
Masking low complexity seeds...  [0.042s]
Searching alignments...  [5.073s]
Processing query block 1, reference block 1/1, shape 2/16, index chunk 1/4.
Building reference seed array...  [0.035s]
Building query seed array...  [1.069s]
Computing hash join...  [0.252s]
Masking low complexity seeds...  [0.041s]
Searching alignments...  [4.904s]
Processing query block 1, reference block 1/1, shape 2/16, index chunk 2/4.
Building reference seed array...  [0.033s]
Building query seed array...  [1.319s]
Computing hash join...  [0.26s]
Masking low complexity seeds...  [0.039s]
Searching alignments...  [4.847s]
Processing query block 1, reference block 1/1, shape 2/16, index chunk 3/4.
Building reference seed array...  [0.053s]
Building query seed array...  [1.417s]
Computing hash join...  [0.258s]
Masking low complexity seeds...  [0.041s]
Searching alignments...  [4.792s]
Processing query block 1, reference block 1/1, shape 2/16, index chunk 4/4.
Building reference seed array...  [0.049s]
Building query seed array...  [1.062s]
Computing hash join...  [0.27s]
Masking low complexity seeds...  [0.042s]
Searching alignments...  [4.714s]
Processing query block 1, reference block 1/1, shape 3/16, index chunk 1/4.
Building reference seed array...  [0.026s]
Building query seed array...  [1.058s]
Computing hash join...  [0.283s]
Masking low complexity seeds...  [0.042s]
Searching alignments...  [5.997s]
Processing query block 1, reference block 1/1, shape 3/16, index chunk 2/4.
Building reference seed array...  [0.047s]
Building query seed array...  [1.337s]
Computing hash join...  [0.269s]
Masking low complexity seeds...  [0.042s]
Searching alignments...  [5.534s]
Processing query block 1, reference block 1/1, shape 3/16, index chunk 3/4.
Building reference seed array...  [0.057s]
Building query seed array...  [1.461s]
Computing hash join...  [0.294s]
Masking low complexity seeds...  [0.041s]
Searching alignments...  [5.388s]
Processing query block 1, reference block 1/1, shape 3/16, index chunk 4/4.
Building reference seed array...  [0.032s]
Building query seed array...  [1.056s]
Computing hash join...  [0.33s]
Masking low complexity seeds...  [0.043s]
Searching alignments...  [5.174s]
Processing query block 1, reference block 1/1, shape 4/16, index chunk 1/4.
Building reference seed array...  [0.039s]
Building query seed array...  [1.07s]
Computing hash join...  [0.257s]
Masking low complexity seeds...  [0.041s]
Searching alignments...  [5.197s]
Processing query block 1, reference block 1/1, shape 4/16, index chunk 2/4.
Building reference seed array...  [0.054s]
Building query seed array...  [1.287s]
Computing hash join...  [0.255s]
Masking low complexity seeds...  [0.04s]
Searching alignments...  [5.495s]
Processing query block 1, reference block 1/1, shape 4/16, index chunk 3/4.
Building reference seed array...  [0.057s]
Building query seed array...  [1.444s]
Computing hash join...  [0.256s]
Masking low complexity seeds...  [0.038s]
Searching alignments...  [4.922s]
Processing query block 1, reference block 1/1, shape 4/16, index chunk 4/4.
Building reference seed array...  [0.033s]
Building query seed array...  [1.048s]
Computing hash join...  [0.256s]
Masking low complexity seeds...  [0.041s]
Searching alignments...  [5.145s]
Processing query block 1, reference block 1/1, shape 5/16, index chunk 1/4.
Building reference seed array...  [0.027s]
Building query seed array...  [1.052s]
Computing hash join...  [0.264s]
Masking low complexity seeds...  [0.042s]
Searching alignments...  [5.146s]
Processing query block 1, reference block 1/1, shape 5/16, index chunk 2/4.
Building reference seed array...  [0.031s]
Building query seed array...  [1.271s]
Computing hash join...  [0.26s]
Masking low complexity seeds...  [0.041s]
Searching alignments...  [5.005s]
Processing query block 1, reference block 1/1, shape 5/16, index chunk 3/4.
Building reference seed array...  [0.046s]
Building query seed array...  [1.471s]
Computing hash join...  [0.266s]
Masking low complexity seeds...  [0.04s]
Searching alignments...  [4.879s]
Processing query block 1, reference block 1/1, shape 5/16, index chunk 4/4.
Building reference seed array...  [0.025s]
Building query seed array...  [1.03s]
Computing hash join...  [0.252s]
Masking low complexity seeds...  [0.04s]
Searching alignments...  [4.913s]
Processing query block 1, reference block 1/1, shape 6/16, index chunk 1/4.
Building reference seed array...  [0.041s]
Building query seed array...  [1.062s]
Computing hash join...  [0.264s]
Masking low complexity seeds...  [0.04s]
Searching alignments...  [5.018s]
Processing query block 1, reference block 1/1, shape 6/16, index chunk 2/4.
Building reference seed array...  [0.039s]
Building query seed array...  [1.298s]
Computing hash join...  [0.283s]
Masking low complexity seeds...  [0.043s]
Searching alignments...  [4.985s]
Processing query block 1, reference block 1/1, shape 6/16, index chunk 3/4.
Building reference seed array...  [0.043s]
Building query seed array...  [1.42s]
Computing hash join...  [0.255s]
Masking low complexity seeds...  [0.04s]
Searching alignments...  [4.84s]
Processing query block 1, reference block 1/1, shape 6/16, index chunk 4/4.
Building reference seed array...  [0.036s]
Building query seed array...  [1.063s]
Computing hash join...  [0.262s]
Masking low complexity seeds...  [0.042s]
Searching alignments...  [5.059s]
Processing query block 1, reference block 1/1, shape 7/16, index chunk 1/4.
Building reference seed array...  [0.048s]
Building query seed array...  [1.035s]
Computing hash join...  [0.262s]
Masking low complexity seeds...  [0.039s]
Searching alignments...  [4.822s]
Processing query block 1, reference block 1/1, shape 7/16, index chunk 2/4.
Building reference seed array...  [0.05s]
Building query seed array...  [1.293s]
Computing hash join...  [0.255s]
Masking low complexity seeds...  [0.039s]
Searching alignments...  [4.766s]
Processing query block 1, reference block 1/1, shape 7/16, index chunk 3/4.
Building reference seed array...  [0.043s]
Building query seed array...  [1.448s]
Computing hash join...  [0.255s]
Masking low complexity seeds...  [0.04s]
Searching alignments...  [4.761s]
Processing query block 1, reference block 1/1, shape 7/16, index chunk 4/4.
Building reference seed array...  [0.056s]
Building query seed array...  [1.028s]
Computing hash join...  [0.267s]
Masking low complexity seeds...  [0.041s]
Searching alignments...  [4.674s]
Processing query block 1, reference block 1/1, shape 8/16, index chunk 1/4.
Building reference seed array...  [0.032s]
Building query seed array...  [1.079s]
Computing hash join...  [0.255s]
Masking low complexity seeds...  [0.039s]
Searching alignments...  [4.952s]
Processing query block 1, reference block 1/1, shape 8/16, index chunk 2/4.
Building reference seed array...  [0.046s]
Building query seed array...  [1.329s]
Computing hash join...  [0.266s]
Masking low complexity seeds...  [0.04s]
Searching alignments...  [4.914s]
Processing query block 1, reference block 1/1, shape 8/16, index chunk 3/4.
Building reference seed array...  [0.036s]
Building query seed array...  [1.467s]
Computing hash join...  [0.294s]
Masking low complexity seeds...  [0.041s]
Searching alignments...  [4.827s]
Processing query block 1, reference block 1/1, shape 8/16, index chunk 4/4.
Building reference seed array...  [0.025s]
Building query seed array...  [1.058s]
Computing hash join...  [0.299s]
Masking low complexity seeds...  [0.044s]
Searching alignments...  [4.793s]
Processing query block 1, reference block 1/1, shape 9/16, index chunk 1/4.
Building reference seed array...  [0.027s]
Building query seed array...  [1.066s]
Computing hash join...  [0.295s]
Masking low complexity seeds...  [0.042s]
Searching alignments...  [5.37s]
Processing query block 1, reference block 1/1, shape 9/16, index chunk 2/4.
Building reference seed array...  [0.033s]
Building query seed array...  [1.327s]
Computing hash join...  [0.315s]
Masking low complexity seeds...  [0.045s]
Searching alignments...  [5.155s]
Processing query block 1, reference block 1/1, shape 9/16, index chunk 3/4.
Building reference seed array...  [0.035s]
Building query seed array...  [1.481s]
Computing hash join...  [0.321s]
Masking low complexity seeds...  [0.043s]
Searching alignments...  [5.28s]
Processing query block 1, reference block 1/1, shape 9/16, index chunk 4/4.
Building reference seed array...  [0.025s]
Building query seed array...  [1.062s]
Computing hash join...  [0.292s]
Masking low complexity seeds...  [0.041s]
Searching alignments...  [5.399s]
Processing query block 1, reference block 1/1, shape 10/16, index chunk 1/4.
Building reference seed array...  [0.025s]
Building query seed array...  [1.065s]
Computing hash join...  [0.264s]
Masking low complexity seeds...  [0.039s]
Searching alignments...  [5s]
Processing query block 1, reference block 1/1, shape 10/16, index chunk 2/4.
Building reference seed array...  [0.031s]
Building query seed array...  [1.326s]
Computing hash join...  [0.261s]
Masking low complexity seeds...  [0.038s]
Searching alignments...  [4.767s]
Processing query block 1, reference block 1/1, shape 10/16, index chunk 3/4.
Building reference seed array...  [0.036s]
Building query seed array...  [1.368s]
Computing hash join...  [0.267s]
Masking low complexity seeds...  [0.038s]
Searching alignments...  [4.709s]
Processing query block 1, reference block 1/1, shape 10/16, index chunk 4/4.
Building reference seed array...  [0.025s]
Building query seed array...  [0.981s]
Computing hash join...  [0.259s]
Masking low complexity seeds...  [0.038s]
Searching alignments...  [4.657s]
Processing query block 1, reference block 1/1, shape 11/16, index chunk 1/4.
Building reference seed array...  [0.025s]
Building query seed array...  [1.026s]
Computing hash join...  [0.262s]
Masking low complexity seeds...  [0.039s]
Searching alignments...  [5.148s]
Processing query block 1, reference block 1/1, shape 11/16, index chunk 2/4.
Building reference seed array...  [0.031s]
Building query seed array...  [1.283s]
Computing hash join...  [0.279s]
Masking low complexity seeds...  [0.039s]
Searching alignments...  [5.098s]
Processing query block 1, reference block 1/1, shape 11/16, index chunk 3/4.
Building reference seed array...  [0.035s]
Building query seed array...  [1.393s]
Computing hash join...  [0.27s]
Masking low complexity seeds...  [0.039s]
Searching alignments...  [4.933s]
Processing query block 1, reference block 1/1, shape 11/16, index chunk 4/4.
Building reference seed array...  [0.032s]
Building query seed array...  [1.005s]
Computing hash join...  [0.27s]
Masking low complexity seeds...  [0.041s]
Searching alignments...  [4.971s]
Processing query block 1, reference block 1/1, shape 12/16, index chunk 1/4.
Building reference seed array...  [0.025s]
Building query seed array...  [1.017s]
Computing hash join...  [0.264s]
Masking low complexity seeds...  [0.039s]
Searching alignments...  [4.874s]
Processing query block 1, reference block 1/1, shape 12/16, index chunk 2/4.
Building reference seed array...  [0.032s]
Building query seed array...  [1.263s]
Computing hash join...  [0.267s]
Masking low complexity seeds...  [0.039s]
Searching alignments...  [4.865s]
Processing query block 1, reference block 1/1, shape 12/16, index chunk 3/4.
Building reference seed array...  [0.035s]
Building query seed array...  [1.447s]
Computing hash join...  [0.266s]
Masking low complexity seeds...  [0.04s]
Searching alignments...  [4.758s]
Processing query block 1, reference block 1/1, shape 12/16, index chunk 4/4.
Building reference seed array...  [0.025s]
Building query seed array...  [1.004s]
Computing hash join...  [0.264s]
Masking low complexity seeds...  [0.038s]
Searching alignments...  [4.884s]
Processing query block 1, reference block 1/1, shape 13/16, index chunk 1/4.
Building reference seed array...  [0.025s]
Building query seed array...  [1.031s]
Computing hash join...  [0.265s]
Masking low complexity seeds...  [0.039s]
Searching alignments...  [5s]
Processing query block 1, reference block 1/1, shape 13/16, index chunk 2/4.
Building reference seed array...  [0.032s]
Building query seed array...  [1.259s]
Computing hash join...  [0.267s]
Masking low complexity seeds...  [0.039s]
Searching alignments...  [4.981s]
Processing query block 1, reference block 1/1, shape 13/16, index chunk 3/4.
Building reference seed array...  [0.035s]
Building query seed array...  [1.39s]
Computing hash join...  [0.266s]
Masking low complexity seeds...  [0.038s]
Searching alignments...  [5.046s]
Processing query block 1, reference block 1/1, shape 13/16, index chunk 4/4.
Building reference seed array...  [0.025s]
Building query seed array...  [1.005s]
Computing hash join...  [0.272s]
Masking low complexity seeds...  [0.039s]
Searching alignments...  [4.689s]
Processing query block 1, reference block 1/1, shape 14/16, index chunk 1/4.
Building reference seed array...  [0.034s]
Building query seed array...  [1.03s]
Computing hash join...  [0.266s]
Masking low complexity seeds...  [0.04s]
Searching alignments...  [5.145s]
Processing query block 1, reference block 1/1, shape 14/16, index chunk 2/4.
Building reference seed array...  [0.032s]
Building query seed array...  [1.271s]
Computing hash join...  [0.286s]
Masking low complexity seeds...  [0.039s]
Searching alignments...  [5.095s]
Processing query block 1, reference block 1/1, shape 14/16, index chunk 3/4.
Building reference seed array...  [0.034s]
Building query seed array...  [1.402s]
Computing hash join...  [0.304s]
Masking low complexity seeds...  [0.041s]
Searching alignments...  [5.073s]
Processing query block 1, reference block 1/1, shape 14/16, index chunk 4/4.
Building reference seed array...  [0.039s]
Building query seed array...  [1.009s]
Computing hash join...  [0.287s]
Masking low complexity seeds...  [0.041s]
Searching alignments...  [4.866s]
Processing query block 1, reference block 1/1, shape 15/16, index chunk 1/4.
Building reference seed array...  [0.033s]
Building query seed array...  [1.031s]
Computing hash join...  [0.287s]
Masking low complexity seeds...  [0.04s]
Searching alignments...  [5.216s]
Processing query block 1, reference block 1/1, shape 15/16, index chunk 2/4.
Building reference seed array...  [0.032s]
Building query seed array...  [1.302s]
Computing hash join...  [0.306s]
Masking low complexity seeds...  [0.043s]
Searching alignments...  [5.16s]
Processing query block 1, reference block 1/1, shape 15/16, index chunk 3/4.
Building reference seed array...  [0.035s]
Building query seed array...  [1.402s]
Computing hash join...  [0.317s]
Masking low complexity seeds...  [0.042s]
Searching alignments...  [5.032s]
Processing query block 1, reference block 1/1, shape 15/16, index chunk 4/4.
Building reference seed array...  [0.025s]
Building query seed array...  [1.031s]
Computing hash join...  [0.289s]
Masking low complexity seeds...  [0.042s]
Searching alignments...  [5.05s]
Processing query block 1, reference block 1/1, shape 16/16, index chunk 1/4.
Building reference seed array...  [0.026s]
Building query seed array...  [1.022s]
Computing hash join...  [0.266s]
Masking low complexity seeds...  [0.04s]
Searching alignments...  [4.966s]
Processing query block 1, reference block 1/1, shape 16/16, index chunk 2/4.
Building reference seed array...  [0.032s]
Building query seed array...  [1.276s]
Computing hash join...  [0.265s]
Masking low complexity seeds...  [0.038s]
Searching alignments...  [4.909s]
Processing query block 1, reference block 1/1, shape 16/16, index chunk 3/4.
Building reference seed array...  [0.035s]
Building query seed array...  [1.407s]
Computing hash join...  [0.266s]
Masking low complexity seeds...  [0.038s]
Searching alignments...  [4.873s]
Processing query block 1, reference block 1/1, shape 16/16, index chunk 4/4.
Building reference seed array...  [0.025s]
Building query seed array...  [1.003s]
Computing hash join...  [0.273s]
Masking low complexity seeds...  [0.039s]
Searching alignments...  [4.731s]
Deallocating buffers...  [0s]
Clearing query masking...  [0.671s]
Computing alignments...  [514.655s]
Deallocating reference...  [0s]
Loading reference sequences...  [0s]
Deallocating buffers...  [0.005s]
Deallocating queries...  [0.002s]
Loading query sequences...  [1.967s]
Masking queries...  [1.68s]
Building query histograms...  [2.603s]
Allocating buffers...  [0.001s]
Loading reference sequences...  [0.163s]
Masking reference...  [0.15s]
Initializing temporary storage...  [0s]
Building reference histograms...  [0.241s]
Allocating buffers...  [0.001s]
Processing query block 2, reference block 1/1, shape 1/16, index chunk 1/4.
Building reference seed array...  [0.036s]
Building query seed array...  [0.355s]
Computing hash join...  [0.084s]
Masking low complexity seeds...  [0.021s]
Searching alignments...  [1.5s]
Processing query block 2, reference block 1/1, shape 1/16, index chunk 2/4.
Building reference seed array...  [0.037s]
Building query seed array...  [0.299s]
Computing hash join...  [0.065s]
Masking low complexity seeds...  [0.02s]
Searching alignments...  [1.327s]
Processing query block 2, reference block 1/1, shape 1/16, index chunk 3/4.
Building reference seed array...  [0.035s]
Building query seed array...  [0.329s]
Computing hash join...  [0.064s]
Masking low complexity seeds...  [0.02s]
Searching alignments...  [1.197s]
Processing query block 2, reference block 1/1, shape 1/16, index chunk 4/4.
Building reference seed array...  [0.026s]
Building query seed array...  [0.24s]
Computing hash join...  [0.065s]
Masking low complexity seeds...  [0.02s]
Searching alignments...  [1.151s]
Processing query block 2, reference block 1/1, shape 2/16, index chunk 1/4.
Building reference seed array...  [0.026s]
Building query seed array...  [0.235s]
Computing hash join...  [0.063s]
Masking low complexity seeds...  [0.019s]
Searching alignments...  [1.112s]
Processing query block 2, reference block 1/1, shape 2/16, index chunk 2/4.
Building reference seed array...  [0.032s]
Building query seed array...  [0.293s]
Computing hash join...  [0.065s]
Masking low complexity seeds...  [0.02s]
Searching alignments...  [1.092s]
Processing query block 2, reference block 1/1, shape 2/16, index chunk 3/4.
Building reference seed array...  [0.035s]
Building query seed array...  [0.326s]
Computing hash join...  [0.064s]
Masking low complexity seeds...  [0.019s]
Searching alignments...  [1.059s]
Processing query block 2, reference block 1/1, shape 2/16, index chunk 4/4.
Building reference seed array...  [0.025s]
Building query seed array...  [0.233s]
Computing hash join...  [0.064s]
Masking low complexity seeds...  [0.019s]
Searching alignments...  [1.066s]
Processing query block 2, reference block 1/1, shape 3/16, index chunk 1/4.
Building reference seed array...  [0.026s]
Building query seed array...  [0.243s]
Computing hash join...  [0.065s]
Masking low complexity seeds...  [0.02s]
Searching alignments...  [1.337s]
Processing query block 2, reference block 1/1, shape 3/16, index chunk 2/4.
Building reference seed array...  [0.032s]
Building query seed array...  [0.299s]
Computing hash join...  [0.066s]
Masking low complexity seeds...  [0.02s]
Searching alignments...  [1.242s]
Processing query block 2, reference block 1/1, shape 3/16, index chunk 3/4.
Building reference seed array...  [0.036s]
Building query seed array...  [0.325s]
Computing hash join...  [0.064s]
Masking low complexity seeds...  [0.019s]
Searching alignments...  [1.163s]
Processing query block 2, reference block 1/1, shape 3/16, index chunk 4/4.
Building reference seed array...  [0.025s]
Building query seed array...  [0.24s]
Computing hash join...  [0.065s]
Masking low complexity seeds...  [0.02s]
Searching alignments...  [1.132s]
Processing query block 2, reference block 1/1, shape 4/16, index chunk 1/4.
Building reference seed array...  [0.026s]
Building query seed array...  [0.238s]
Computing hash join...  [0.065s]
Masking low complexity seeds...  [0.02s]
Searching alignments...  [1.172s]
Processing query block 2, reference block 1/1, shape 4/16, index chunk 2/4.
Building reference seed array...  [0.032s]
Building query seed array...  [0.296s]
Computing hash join...  [0.066s]
Masking low complexity seeds...  [0.02s]
Searching alignments...  [1.164s]
Processing query block 2, reference block 1/1, shape 4/16, index chunk 3/4.
Building reference seed array...  [0.035s]
Building query seed array...  [0.335s]
Computing hash join...  [0.065s]
Masking low complexity seeds...  [0.019s]
Searching alignments...  [1.12s]
Processing query block 2, reference block 1/1, shape 4/16, index chunk 4/4.
Building reference seed array...  [0.025s]
Building query seed array...  [0.235s]
Computing hash join...  [0.067s]
Masking low complexity seeds...  [0.02s]
Searching alignments...  [1.127s]
Processing query block 2, reference block 1/1, shape 5/16, index chunk 1/4.
Building reference seed array...  [0.026s]
Building query seed array...  [0.239s]
Computing hash join...  [0.064s]
Masking low complexity seeds...  [0.02s]
Searching alignments...  [1.142s]
Processing query block 2, reference block 1/1, shape 5/16, index chunk 2/4.
Building reference seed array...  [0.032s]
Building query seed array...  [0.294s]
Computing hash join...  [0.063s]
Masking low complexity seeds...  [0.019s]
Searching alignments...  [1.125s]
Processing query block 2, reference block 1/1, shape 5/16, index chunk 3/4.
Building reference seed array...  [0.035s]
Building query seed array...  [0.325s]
Computing hash join...  [0.065s]
Masking low complexity seeds...  [0.02s]
Searching alignments...  [1.107s]
Processing query block 2, reference block 1/1, shape 5/16, index chunk 4/4.
Building reference seed array...  [0.025s]
Building query seed array...  [0.233s]
Computing hash join...  [0.064s]
Masking low complexity seeds...  [0.019s]
Searching alignments...  [1.084s]
Processing query block 2, reference block 1/1, shape 6/16, index chunk 1/4.
Building reference seed array...  [0.026s]
Building query seed array...  [0.248s]
Computing hash join...  [0.064s]
Masking low complexity seeds...  [0.02s]
Searching alignments...  [1.144s]
Processing query block 2, reference block 1/1, shape 6/16, index chunk 2/4.
Building reference seed array...  [0.032s]
Building query seed array...  [0.301s]
Computing hash join...  [0.065s]
Masking low complexity seeds...  [0.02s]
Searching alignments...  [1.094s]
Processing query block 2, reference block 1/1, shape 6/16, index chunk 3/4.
Building reference seed array...  [0.035s]
Building query seed array...  [0.328s]
Computing hash join...  [0.064s]
Masking low complexity seeds...  [0.02s]
Searching alignments...  [1.096s]
Processing query block 2, reference block 1/1, shape 6/16, index chunk 4/4.
Building reference seed array...  [0.025s]
Building query seed array...  [0.244s]
Computing hash join...  [0.064s]
Masking low complexity seeds...  [0.02s]
Searching alignments...  [1.13s]
Processing query block 2, reference block 1/1, shape 7/16, index chunk 1/4.
Building reference seed array...  [0.025s]
Building query seed array...  [0.237s]
Computing hash join...  [0.065s]
Masking low complexity seeds...  [0.02s]
Searching alignments...  [1.09s]
Processing query block 2, reference block 1/1, shape 7/16, index chunk 2/4.
Building reference seed array...  [0.032s]
Building query seed array...  [0.29s]
Computing hash join...  [0.065s]
Masking low complexity seeds...  [0.02s]
Searching alignments...  [1.076s]
Processing query block 2, reference block 1/1, shape 7/16, index chunk 3/4.
Building reference seed array...  [0.035s]
Building query seed array...  [0.326s]
Computing hash join...  [0.065s]
Masking low complexity seeds...  [0.019s]
Searching alignments...  [1.059s]
Processing query block 2, reference block 1/1, shape 7/16, index chunk 4/4.
Building reference seed array...  [0.025s]
Building query seed array...  [0.241s]
Computing hash join...  [0.065s]
Masking low complexity seeds...  [0.019s]
Searching alignments...  [1.035s]
Processing query block 2, reference block 1/1, shape 8/16, index chunk 1/4.
Building reference seed array...  [0.026s]
Building query seed array...  [0.242s]
Computing hash join...  [0.064s]
Masking low complexity seeds...  [0.019s]
Searching alignments...  [1.117s]
Processing query block 2, reference block 1/1, shape 8/16, index chunk 2/4.
Building reference seed array...  [0.032s]
Building query seed array...  [0.297s]
Computing hash join...  [0.065s]
Masking low complexity seeds...  [0.019s]
Searching alignments...  [1.086s]
Processing query block 2, reference block 1/1, shape 8/16, index chunk 3/4.
Building reference seed array...  [0.041s]
Building query seed array...  [0.329s]
Computing hash join...  [0.064s]
Masking low complexity seeds...  [0.02s]
Searching alignments...  [1.092s]
Processing query block 2, reference block 1/1, shape 8/16, index chunk 4/4.
Building reference seed array...  [0.026s]
Building query seed array...  [0.237s]
Computing hash join...  [0.064s]
Masking low complexity seeds...  [0.019s]
Searching alignments...  [1.082s]
Processing query block 2, reference block 1/1, shape 9/16, index chunk 1/4.
Building reference seed array...  [0.026s]
Building query seed array...  [0.244s]
Computing hash join...  [0.064s]
Masking low complexity seeds...  [0.019s]
Searching alignments...  [1.144s]
Processing query block 2, reference block 1/1, shape 9/16, index chunk 2/4.
Building reference seed array...  [0.031s]
Building query seed array...  [0.297s]
Computing hash join...  [0.065s]
Masking low complexity seeds...  [0.02s]
Searching alignments...  [1.101s]
Processing query block 2, reference block 1/1, shape 9/16, index chunk 3/4.
Building reference seed array...  [0.035s]
Building query seed array...  [0.324s]
Computing hash join...  [0.065s]
Masking low complexity seeds...  [0.02s]
Searching alignments...  [1.118s]
Processing query block 2, reference block 1/1, shape 9/16, index chunk 4/4.
Building reference seed array...  [0.025s]
Building query seed array...  [0.244s]
Computing hash join...  [0.066s]
Masking low complexity seeds...  [0.02s]
Searching alignments...  [1.175s]
Processing query block 2, reference block 1/1, shape 10/16, index chunk 1/4.
Building reference seed array...  [0.026s]
Building query seed array...  [0.242s]
Computing hash join...  [0.063s]
Masking low complexity seeds...  [0.02s]
Searching alignments...  [1.086s]
Processing query block 2, reference block 1/1, shape 10/16, index chunk 2/4.
Building reference seed array...  [0.031s]
Building query seed array...  [0.301s]
Computing hash join...  [0.063s]
Masking low complexity seeds...  [0.019s]
Searching alignments...  [1.057s]
Processing query block 2, reference block 1/1, shape 10/16, index chunk 3/4.
Building reference seed array...  [0.035s]
Building query seed array...  [0.322s]
Computing hash join...  [0.064s]
Masking low complexity seeds...  [0.019s]
Searching alignments...  [1.052s]
Processing query block 2, reference block 1/1, shape 10/16, index chunk 4/4.
Building reference seed array...  [0.025s]
Building query seed array...  [0.237s]
Computing hash join...  [0.065s]
Masking low complexity seeds...  [0.019s]
Searching alignments...  [1.024s]
Processing query block 2, reference block 1/1, shape 11/16, index chunk 1/4.
Building reference seed array...  [0.026s]
Building query seed array...  [0.241s]
Computing hash join...  [0.064s]
Masking low complexity seeds...  [0.02s]
Searching alignments...  [1.154s]
Processing query block 2, reference block 1/1, shape 11/16, index chunk 2/4.
Building reference seed array...  [0.032s]
Building query seed array...  [0.293s]
Computing hash join...  [0.064s]
Masking low complexity seeds...  [0.02s]
Searching alignments...  [1.115s]
Processing query block 2, reference block 1/1, shape 11/16, index chunk 3/4.
Building reference seed array...  [0.035s]
Building query seed array...  [0.326s]
Computing hash join...  [0.064s]
Masking low complexity seeds...  [0.02s]
Searching alignments...  [1.098s]
Processing query block 2, reference block 1/1, shape 11/16, index chunk 4/4.
Building reference seed array...  [0.026s]
Building query seed array...  [0.237s]
Computing hash join...  [0.063s]
Masking low complexity seeds...  [0.02s]
Searching alignments...  [1.111s]
Processing query block 2, reference block 1/1, shape 12/16, index chunk 1/4.
Building reference seed array...  [0.025s]
Building query seed array...  [0.235s]
Computing hash join...  [0.063s]
Masking low complexity seeds...  [0.02s]
Searching alignments...  [1.081s]
Processing query block 2, reference block 1/1, shape 12/16, index chunk 2/4.
Building reference seed array...  [0.031s]
Building query seed array...  [0.302s]
Computing hash join...  [0.064s]
Masking low complexity seeds...  [0.02s]
Searching alignments...  [1.086s]
Processing query block 2, reference block 1/1, shape 12/16, index chunk 3/4.
Building reference seed array...  [0.035s]
Building query seed array...  [0.328s]
Computing hash join...  [0.063s]
Masking low complexity seeds...  [0.019s]
Searching alignments...  [1.05s]
Processing query block 2, reference block 1/1, shape 12/16, index chunk 4/4.
Building reference seed array...  [0.025s]
Building query seed array...  [0.23s]
Computing hash join...  [0.063s]
Masking low complexity seeds...  [0.019s]
Searching alignments...  [1.056s]
Processing query block 2, reference block 1/1, shape 13/16, index chunk 1/4.
Building reference seed array...  [0.025s]
Building query seed array...  [0.239s]
Computing hash join...  [0.065s]
Masking low complexity seeds...  [0.019s]
Searching alignments...  [1.085s]
Processing query block 2, reference block 1/1, shape 13/16, index chunk 2/4.
Building reference seed array...  [0.032s]
Building query seed array...  [0.292s]
Computing hash join...  [0.064s]
Masking low complexity seeds...  [0.019s]
Searching alignments...  [1.086s]
Processing query block 2, reference block 1/1, shape 13/16, index chunk 3/4.
Building reference seed array...  [0.035s]
Building query seed array...  [0.324s]
Computing hash join...  [0.063s]
Masking low complexity seeds...  [0.019s]
Searching alignments...  [1.111s]
Processing query block 2, reference block 1/1, shape 13/16, index chunk 4/4.
Building reference seed array...  [0.025s]
Building query seed array...  [0.234s]
Computing hash join...  [0.063s]
Masking low complexity seeds...  [0.019s]
Searching alignments...  [1.047s]
Processing query block 2, reference block 1/1, shape 14/16, index chunk 1/4.
Building reference seed array...  [0.025s]
Building query seed array...  [0.24s]
Computing hash join...  [0.064s]
Masking low complexity seeds...  [0.02s]
Searching alignments...  [1.116s]
Processing query block 2, reference block 1/1, shape 14/16, index chunk 2/4.
Building reference seed array...  [0.032s]
Building query seed array...  [0.294s]
Computing hash join...  [0.064s]
Masking low complexity seeds...  [0.019s]
Searching alignments...  [1.104s]
Processing query block 2, reference block 1/1, shape 14/16, index chunk 3/4.
Building reference seed array...  [0.035s]
Building query seed array...  [0.323s]
Computing hash join...  [0.065s]
Masking low complexity seeds...  [0.019s]
Searching alignments...  [1.079s]
Processing query block 2, reference block 1/1, shape 14/16, index chunk 4/4.
Building reference seed array...  [0.025s]
Building query seed array...  [0.235s]
Computing hash join...  [0.065s]
Masking low complexity seeds...  [0.02s]
Searching alignments...  [1.036s]
Processing query block 2, reference block 1/1, shape 15/16, index chunk 1/4.
Building reference seed array...  [0.025s]
Building query seed array...  [0.238s]
Computing hash join...  [0.064s]
Masking low complexity seeds...  [0.02s]
Searching alignments...  [1.196s]
Processing query block 2, reference block 1/1, shape 15/16, index chunk 2/4.
Building reference seed array...  [0.033s]
Building query seed array...  [0.294s]
Computing hash join...  [0.063s]
Masking low complexity seeds...  [0.02s]
Searching alignments...  [1.089s]
Processing query block 2, reference block 1/1, shape 15/16, index chunk 3/4.
Building reference seed array...  [0.035s]
Building query seed array...  [0.327s]
Computing hash join...  [0.063s]
Masking low complexity seeds...  [0.02s]
Searching alignments...  [1.064s]
Processing query block 2, reference block 1/1, shape 15/16, index chunk 4/4.
Building reference seed array...  [0.025s]
Building query seed array...  [0.235s]
Computing hash join...  [0.065s]
Masking low complexity seeds...  [0.02s]
Searching alignments...  [1.093s]
Processing query block 2, reference block 1/1, shape 16/16, index chunk 1/4.
Building reference seed array...  [0.026s]
Building query seed array...  [0.235s]
Computing hash join...  [0.064s]
Masking low complexity seeds...  [0.02s]
Searching alignments...  [1.082s]
Processing query block 2, reference block 1/1, shape 16/16, index chunk 2/4.
Building reference seed array...  [0.031s]
Building query seed array...  [0.295s]
Computing hash join...  [0.064s]
Masking low complexity seeds...  [0.02s]
Searching alignments...  [1.067s]
Processing query block 2, reference block 1/1, shape 16/16, index chunk 3/4.
Building reference seed array...  [0.035s]
Building query seed array...  [0.322s]
Computing hash join...  [0.064s]
Masking low complexity seeds...  [0.019s]
Searching alignments...  [1.053s]
Processing query block 2, reference block 1/1, shape 16/16, index chunk 4/4.
Building reference seed array...  [0.025s]
Building query seed array...  [0.233s]
Computing hash join...  [0.068s]
Masking low complexity seeds...  [0.02s]
Searching alignments...  [1.018s]
Deallocating buffers...  [0s]
Clearing query masking...  [0.155s]
Computing alignments...  [123.297s]
Deallocating reference...  [0s]
Loading reference sequences...  [0s]
Deallocating buffers...  [0.001s]
Deallocating queries...  [0s]
Loading query sequences...  [0s]
Closing the input file...  [0s]
Closing the output file...  [0.011s]
Cleaning up...  [0s]
Total time = 1194.7s
Reported 59531846 pairwise alignments, 59531846 HSPs.
3863088 queries aligned.
2023-11-02 16:29:13.666342: W tensorflow/stream_executor/platform/default/dso_loader.cc:59] Could not load dynamic library 'libcuda.so.1'; dlerror: libcuda.so.1: cannot open shared object file: No such file or directory; LD_LIBRARY_PATH: /dcsrsoft/spack/arolle/v1.0/spack/opt/spack/linux-rhel8-zen2/gcc-10.4.0/python-3.7.10-klg7g4ukc26dx26jvykmofv2b5lwhmdp/lib:/dcsrsoft/spack/arolle/v1.0/spack/opt/spack/linux-rhel8-zen2/gcc-10.4.0/xz-5.2.5-ejmeryutjezrbn74anuvrbiu4lck67ou/lib:/dcsrsoft/spack/arolle/v1.0/spack/opt/spack/linux-rhel8-zen2/gcc-10.4.0/tcl-8.6.12-25po4ctgi2efquoonhnmfsgynx7g5vx7/lib:/dcsrsoft/spack/arolle/v1.0/spack/opt/spack/linux-rhel8-zen2/gcc-10.4.0/zlib-1.2.12-dzl6lpj5rcfbk47kap64ic7azyx237g4/lib:/dcsrsoft/spack/arolle/v1.0/spack/opt/spack/linux-rhel8-zen2/gcc-10.4.0/ncurses-6.2-7r4qrp3jlrsfh7yrm7zs6d52p4tuiock/lib:/dcsrsoft/spack/arolle/v1.0/spack/opt/spack/linux-rhel8-zen2/gcc-10.4.0/bzip2-1.0.8-bacm2467udzv3hara6r22qkptkegyeo4/lib:/dcsrsoft/spack/arolle/v1.0/spack/opt/spack/linux-rhel8-zen/gcc-8.4.1/gcc-10.4.0-7fjdev7tbifqfonsjwlqmr6qcnza2ezu/lib64:/dcsrsoft/spack/arolle/v1.0/spack/opt/spack/linux-rhel8-zen/gcc-8.4.1/gcc-10.4.0-7fjdev7tbifqfonsjwlqmr6qcnza2ezu/lib:/dcsrsoft/spack/arolle/v1.0/spack/opt/spack/linux-rhel8-zen2/gcc-10.4.0/mpfr-4.1.0-4owr5jskgrebkppacvwkfa7tdtlqjalg/lib:/dcsrsoft/spack/arolle/v1.0/spack/opt/spack/linux-rhel8-zen2/gcc-10.4.0/gmp-6.2.1-rg3gv5myy7lt46cjxvmdmsghhyhxguqo/lib
2023-11-02 16:29:13.692494: W tensorflow/stream_executor/cuda/cuda_driver.cc:312] failed call to cuInit: UNKNOWN ERROR (303)
2023-11-02 16:29:13.692566: I tensorflow/stream_executor/cuda/cuda_diagnostics.cc:156] kernel driver does not appear to be running on this host (dna078): /proc/driver/nvidia/version does not exist
2023-11-02 16:29:13.704840: I tensorflow/core/platform/cpu_feature_guard.cc:142] This TensorFlow binary is optimized with oneAPI Deep Neural Network Library (oneDNN)to use the following CPU instructions in performance-critical operations:  AVX2 FMA
To enable them in other operations, rebuild TensorFlow with the appropriate compiler flags.
2023-11-02 16:29:13.846046: I tensorflow/core/platform/profile_utils/cpu_utils.cc:104] CPU Frequency: 2844655000 Hz
2023-11-02 16:29:13.847789: I tensorflow/compiler/xla/service/service.cc:168] XLA service 0x54e3c90 initialized for platform Host (this does not guarantee that XLA will be used). Devices:
2023-11-02 16:29:13.847818: I tensorflow/compiler/xla/service/service.cc:176]   StreamExecutor device (0): Host, Default Version
